2023-03-28 17:26:26 [INFO] Experiment name: produce 3-pool phantom (32 echo, 10ms echo spacing) via EPG algorithm
2023-03-28 17:26:26 [INFO] Experiment begins at 2023/03/28 17:26:26
2023-03-28 17:26:26 [INFO] Config file contents:
2023-03-28 17:26:26 [INFO] name: produce 3-pool phantom (32 echo, 10ms echo spacing) via EPG algorithm
2023-03-28 17:26:26 [INFO] dims: [10, 10, 10]
2023-03-28 17:26:26 [INFO] mwf_range: [0, 0.5]
2023-03-28 17:26:26 [INFO] fa_range: [50, 180]
2023-03-28 17:26:26 [INFO] snr_range: [50, 500]
2023-03-28 17:26:26 [INFO] fwf: 0.05
2023-03-28 17:26:26 [INFO] t2s: [0.01, 0.05, 0.25]
2023-03-28 17:26:26 [INFO] t1s: [2, 2, 2]
2023-03-28 17:26:26 [INFO] nte: 32
2023-03-28 17:26:26 [INFO] delta_te: 0.01
2023-03-28 17:26:26 [INFO] log_path: sled_mese/logs/phantom.log
2023-03-28 17:26:26 [INFO] save_path: sled_mese/data/phantom/pt_epg_3pool_32echo.pickle
2023-03-28 17:26:26 [INFO] Digital phantom production in progress
2023-03-28 17:26:34 [INFO] Digital phantom completed, elapsed time: 7.81 seconds
2023-03-28 17:26:34 [INFO] Digital phantom data are saved in 'sled_mese/data/phantom/pt_epg_3pool_32echo.pickle'

2023-03-28 17:28:27 [INFO] Experiment name: produce 3-pool phantom (32 echo, 10ms echo spacing) via EPG algorithm
2023-03-28 17:28:27 [INFO] Experiment begins at 2023/03/28 17:28:27
2023-03-28 17:28:27 [INFO] Config file contents:
2023-03-28 17:28:27 [INFO] name: produce 3-pool phantom (32 echo, 10ms echo spacing) via EPG algorithm
2023-03-28 17:28:27 [INFO] dims: [100, 100, 100]
2023-03-28 17:28:27 [INFO] mwf_range: [0, 0.5]
2023-03-28 17:28:27 [INFO] fa_range: [50, 180]
2023-03-28 17:28:27 [INFO] snr_range: [50, 500]
2023-03-28 17:28:27 [INFO] fwf: 0.05
2023-03-28 17:28:27 [INFO] t2s: [0.01, 0.05, 0.25]
2023-03-28 17:28:27 [INFO] t1s: [2, 2, 2]
2023-03-28 17:28:27 [INFO] nte: 32
2023-03-28 17:28:27 [INFO] delta_te: 0.01
2023-03-28 17:28:27 [INFO] log_path: sled_mese/logs/phantom.log
2023-03-28 17:28:27 [INFO] save_path: sled_mese/data/phantom/pt_epg_3pool_32echo.pickle
2023-03-28 17:28:27 [INFO] Digital phantom production in progress
2023-03-28 19:38:49 [INFO] Digital phantom completed, elapsed time: 7822.20 seconds
2023-03-28 19:38:50 [INFO] Digital phantom data are saved in 'sled_mese/data/phantom/pt_epg_3pool_32echo.pickle'

